{
  "RSpec": {
    "coverage": {
      "/Users/williamzale/2305/2mod/projects/authors_and_books/config/environment.rb": {
        "lines": [
          null,
          1,
          null,
          null,
          1
        ]
      },
      "/Users/williamzale/2305/2mod/projects/authors_and_books/config/application.rb": {
        "lines": [
          1,
          null,
          1,
          null,
          1,
          1,
          1,
          1,
          1,
          1,
          1,
          1,
          1,
          1,
          null,
          null,
          null,
          null,
          1,
          null,
          1,
          1,
          null,
          1,
          null,
          null,
          null,
          null,
          null,
          null,
          null,
          null,
          null,
          null,
          1,
          null,
          null
        ]
      },
      "/Users/williamzale/2305/2mod/projects/authors_and_books/config/boot.rb": {
        "lines": [
          1,
          null,
          1,
          1
        ]
      },
      "/Users/williamzale/2305/2mod/projects/authors_and_books/config/environments/test.rb": {
        "lines": [
          1,
          null,
          null,
          null,
          null,
          null,
          null,
          1,
          null,
          null,
          null,
          1,
          null,
          null,
          null,
          null,
          1,
          null,
          null,
          1,
          1,
          null,
          null,
          null,
          null,
          1,
          1,
          1,
          null,
          null,
          1,
          null,
          null,
          1,
          null,
          null,
          1,
          null,
          1,
          null,
          null,
          null,
          null,
          1,
          null,
          null,
          1,
          null,
          null,
          1,
          null,
          null,
          1,
          null,
          null,
          null,
          null,
          null,
          null,
          null
        ]
      },
      "/Users/williamzale/2305/2mod/projects/authors_and_books/config/initializers/assets.rb": {
        "lines": [
          null,
          null,
          null,
          1,
          null,
          null,
          null,
          null,
          null,
          null,
          null,
          null
        ]
      },
      "/Users/williamzale/2305/2mod/projects/authors_and_books/config/initializers/content_security_policy.rb": {
        "lines": [
          null,
          null,
          null,
          null,
          null,
          null,
          null,
          null,
          null,
          null,
          null,
          null,
          null,
          null,
          null,
          null,
          null,
          null,
          null,
          null,
          null,
          null,
          null,
          null,
          null
        ]
      },
      "/Users/williamzale/2305/2mod/projects/authors_and_books/config/initializers/filter_parameter_logging.rb": {
        "lines": [
          null,
          null,
          null,
          null,
          null,
          1,
          null,
          null
        ]
      },
      "/Users/williamzale/2305/2mod/projects/authors_and_books/config/initializers/inflections.rb": {
        "lines": [
          null,
          null,
          null,
          null,
          null,
          null,
          null,
          null,
          null,
          null,
          null,
          null,
          null,
          null,
          null,
          null
        ]
      },
      "/Users/williamzale/2305/2mod/projects/authors_and_books/config/initializers/permissions_policy.rb": {
        "lines": [
          null,
          null,
          null,
          null,
          null,
          null,
          null,
          null,
          null,
          null,
          null
        ]
      },
      "/Users/williamzale/2305/2mod/projects/authors_and_books/config/routes.rb": {
        "lines": [
          1,
          null,
          null,
          null,
          null,
          1,
          1,
          null,
          1,
          1,
          null
        ]
      },
      "/Users/williamzale/2305/2mod/projects/authors_and_books/app/helpers/application_helper.rb": {
        "lines": [
          1,
          null
        ]
      },
      "/Users/williamzale/2305/2mod/projects/authors_and_books/app/models/author.rb": {
        "lines": [
          1,
          1,
          null
        ]
      },
      "/Users/williamzale/2305/2mod/projects/authors_and_books/app/models/application_record.rb": {
        "lines": [
          1,
          1,
          null
        ]
      },
      "/Users/williamzale/2305/2mod/projects/authors_and_books/app/models/book.rb": {
        "lines": [
          1,
          1,
          null
        ]
      },
      "/Users/williamzale/2305/2mod/projects/authors_and_books/app/controllers/books_controller.rb": {
        "lines": [
          1,
          1,
          0,
          null,
          null,
          1,
          1,
          null,
          null
        ]
      },
      "/Users/williamzale/2305/2mod/projects/authors_and_books/app/controllers/application_controller.rb": {
        "lines": [
          1,
          null
        ]
      },
      "/Users/williamzale/2305/2mod/projects/authors_and_books/app/controllers/authors_controller.rb": {
        "lines": [
          1,
          1,
          0,
          null,
          null,
          1,
          1,
          null,
          null
        ]
      }
    },
    "timestamp": 1688935069
  }
}
